0 info it worked if it ends with ok
1 verbose cli [ '/usr/local/bin/node', '/usr/local/bin/npm', 'publish' ]
2 info using npm@3.3.8
3 info using node@v4.2.1
4 verbose publish [ '.' ]
5 silly cache add args [ '.', null ]
6 verbose cache add spec .
7 silly cache add parsed spec Result {
7 silly cache add   raw: '.',
7 silly cache add   scope: null,
7 silly cache add   name: null,
7 silly cache add   rawSpec: '.',
7 silly cache add   spec: '/Volumes/Data/Repositorios/yeoman/generator-base-reactjs',
7 silly cache add   type: 'directory' }
8 verbose addLocalDirectory /Users/zguillez/.npm/generator-base-reactjs/1.0.2/package.tgz not in flight; packing
9 info lifecycle generator-base-reactjs@1.0.2~prepublish: generator-base-reactjs@1.0.2
10 silly lifecycle generator-base-reactjs@1.0.2~prepublish: no script for prepublish, continuing
11 verbose tar pack [ '/Users/zguillez/.npm/generator-base-reactjs/1.0.2/package.tgz',
11 verbose tar pack   '/Volumes/Data/Repositorios/yeoman/generator-base-reactjs' ]
12 verbose tarball /Users/zguillez/.npm/generator-base-reactjs/1.0.2/package.tgz
13 verbose folder /Volumes/Data/Repositorios/yeoman/generator-base-reactjs
14 verbose addLocalTarball adding from inside cache /Users/zguillez/.npm/generator-base-reactjs/1.0.2/package.tgz
15 silly cache afterAdd generator-base-reactjs@1.0.2
16 verbose afterAdd /Users/zguillez/.npm/generator-base-reactjs/1.0.2/package/package.json not in flight; writing
17 verbose afterAdd /Users/zguillez/.npm/generator-base-reactjs/1.0.2/package/package.json written
18 silly publish { name: 'generator-base-reactjs',
18 silly publish   version: '1.0.2',
18 silly publish   description: 'ReactJS basic skeleton for webapp development. With RequireJS, Bootstrap, Sass and templating with Jade. JSX compiled with Babel.',
18 silly publish   license: 'MIT',
18 silly publish   main: 'app/index.js',
18 silly publish   repository:
18 silly publish    { type: 'git',
18 silly publish      url: 'git+https://github.com/zguillez/generator-base-reactjs.git' },
18 silly publish   author:
18 silly publish    { name: 'Guillermo de la Iglesia',
18 silly publish      email: 'mail@zguillez.io',
18 silly publish      url: 'https://github.com/zguillez' },
18 silly publish   scripts: { test: 'mocha' },
18 silly publish   files: [ 'generators' ],
18 silly publish   keywords:
18 silly publish    [ 'yeoman-generator',
18 silly publish      'ReactJS',
18 silly publish      'Underscore',
18 silly publish      'Lodash',
18 silly publish      'Jade',
18 silly publish      'Sass',
18 silly publish      'Bootstrap',
18 silly publish      'Jquery',
18 silly publish      'Grunt',
18 silly publish      'JSX',
18 silly publish      'Babel' ],
18 silly publish   dependencies:
18 silly publish    { 'yeoman-generator': '^0.19.0',
18 silly publish      chalk: '^1.0.0',
18 silly publish      yosay: '^1.0.2' },
18 silly publish   devDependencies: { mocha: '*' },
18 silly publish   readme: '# generator-base-reactjs\n\n[![Build Status](https://secure.travis-ci.org/zguillez/generator-base-reactjs.png?branch=master)](https://travis-ci.org/zguillez/generator-base-reactjs) [![Code Climate](https://codeclimate.com/github/zguillez/generator-base-reactjs/badges/gpa.svg)](https://codeclimate.com/github/zguillez/generator-base-reactjs)\n\n> [Zguillez](https://zguillez.io) | Guillermo de la Iglesia\n\n### Yeoman generator for ReactJS webapp development. With RequireJS, Bootstrap, Sass and templating with Jade. JSX compiled with Babel\n\n![](http://zguillez.github.io/img/reactjs.png)\n\n# Getting Started\n\n### Install Yeoman\n\n\tnpm install -g yo\n\n### Yeoman Generators\n\nTo install generator-base-backbone from npm, run:\n\n\tnpm install -g generator-base-reactjs\n\nFinally, initiate the generator:\n\n\tyo base-reactjs\n\nIf you have error on install try to update dependences manually:\n\n```bash\nsudo npm update\n```\n```bash\nbower update\n```\n\n## Requeriments\n\n### [NodeJS](https://nodejs.org/)\n\nFor update npm\n\n\tsudo npm install npm -g\n\n### [Bower](http://bower.io/)\n\n\tnpm install -g bower\n\n### [Sass](http://sass-lang.com/)\n\n\tsudo gem install sass\n\t\n**Documentation:**\n\n* [https://nodejs.org/](https://nodejs.org/)\n* [http://bower.io/](http://bower.io/)\n* [http://sass-lang.com/](http://sass-lang.com/)\n\n# Usage\n\nDevelop code on folder **/src**\n\n\t/src\n\t\t/data\n\t\t/images\n\t\t/scripts\n\t\t\t/components\n\t\t/styles\n\t\t/templates\n\t\t\n### Compile code\n\nUse grunt task to compile code and deploy webapp\n\n\tgrunt serve\n\t\nTHis will launch server on port 9000\n\n\thttp://localhost:9000/\n\t\nDistribute code is compileded on forder **/dist**\n\n\t/dist\n\t\t/css\n\t\t/data\n\t\t/images\n\t\t/js\n\t\t/lib\n\t\t/templates\n\t\t\n## Styling\n\nSass files (\\*.sass, \\*.scss) must be located on **/src/styles** folder root.\n\n* Grunt task **sass.js** will process the files into CSS files to folder **/src/styles/css**.\n* Grunt task **copy.js** will copy all CSS files into **/src/styles/css** to folder **/dist/css** for ditribution.\n* You can also create and edit CSS files in **/src/styles/css**.\n\n## Templating with Jade and Reactjs-Template\n\n* The NodeJS template engine JADE is implemented. Jade files (\\*.jade) must be located on **/templates** folder root.\n\nExample:\n\n\t// src/templates/footer.jade\n\t\n\tfooter\n\t\t.row\n\t\t\tp @2015\n\nCompiled:\n\n\t// src/templates/rt/footer.rt\n\t\n\t<footer><div class="row"><p>@2015</p></div></footer>\n\t\n* Grunt task **reactTemplates** will process the files into templates files.\n\nExample:\n\n\t// src/templates/rt/footer.rt.js\n\t\n\tvar footerRT = function () {\n\t\treturn React.createElement(\'footer\', {}, React.createElement(\'div\', { \'className\': \'row\' }, React.createElement(\'p\', {}, \'@2015\')));\n\t};\n\t\t\t\n* Grunt task **copy.js** will copy all CSS files into **/templates/html** to folder **/dist/templates** for ditribution.\n\n* Grunt task **replace.js** will modify the script to implement RequireJS function.\n\nExample:\n\t\n\t// dist/templates/footer.rt.js\n\t\n\tdefine([\'react\'], function(React) {\n\t\treturn footerRT = function () {\n    \t\treturn React.createElement(\'footer\', {}, React.createElement(\'div\', { \'className\': \'row\' }, React.createElement(\'p\', {}, \'@2015\')));\n\t\t};\n\t});\n\n* You can now insert templates into your components\n\nExample:\n\n\t// src/scripts/components/footer.js\n\t\n\tdefine([\'react\', \'../../../../templates/footer.rt\'], function(React, template) {\n\t\t\'use strict\';\n\t\treturn React.createClass({\n\t\t\tdisplayName: \'footer\',\n\t\t\trender: template\n\t\t});\n\t});\n\n* You can also create components without templates\n\nExample:\n\n\t// src/scripts/components/footer.js\n\t\n\tdefine([\'react\'], function(React) {\n\t\t\'use strict\';\n\t\treturn React.createClass({\n\t\t\tdisplayName: \'footer\',\n\t\t\trender: function() {\n\t\t\t\treturn (\n\t\t\t\t\t<footer>\n\t\t\t\t\t\t<div className="row">\n\t\t\t\t\t\t\t<p>@2015</p>\n\t\t\t\t\t\t</div>\n\t\t\t\t\t</footer>\n\t\t\t\t)\n\t\t\t}\n\t\t});\n\t});\n\t\n**Documentation:**\n\n* [http://jade-lang.com/](http://jade-lang.com/)\n* [http://wix.github.io/react-templates/](http://wix.github.io/react-templates/)\n\n# Contributing and issues\n\nContributors are welcome, please fork and send pull requests! If you have any ideas on how to make this project better then please submit an issue or send me an [email](mailto:mail@zguillez.io).\n\n# License\n\n©2015 Zguillez.io\n\nOriginal code licensed under [MIT](https://en.wikipedia.org/wiki/MIT_License) Open Source projects used within this project retain their original licenses.\n\n# Changelog\n\n### v1.0.0 (Novembre 6, 2015) \n* Initial ReactJS skeleton\n\nFeatures:\n\n* ReactJS\n* React Templates\n* Jade templating\n* Jquery\n* Sass\n* Babel\n* Grunt tasks\n\n\n\n\n',
18 silly publish   readmeFilename: 'README.md',
18 silly publish   gitHead: '0efdc7b830d20f5449f76ae3fa1c6a52ec22e4c1',
18 silly publish   bugs: { url: 'https://github.com/zguillez/generator-base-reactjs/issues' },
18 silly publish   homepage: 'https://github.com/zguillez/generator-base-reactjs#readme',
18 silly publish   _id: 'generator-base-reactjs@1.0.2',
18 silly publish   _shasum: '30a82c4e282c31c97e5793ab3a28ec91f03e12ee',
18 silly publish   _from: '.' }
19 verbose getPublishConfig undefined
20 silly mapToRegistry name generator-base-reactjs
21 silly mapToRegistry using default registry
22 silly mapToRegistry registry https://registry.npmjs.org/
23 silly mapToRegistry uri https://registry.npmjs.org/generator-base-reactjs
24 verbose publish registryBase https://registry.npmjs.org/
25 silly publish uploading /Users/zguillez/.npm/generator-base-reactjs/1.0.2/package.tgz
26 verbose request uri https://registry.npmjs.org/generator-base-reactjs
27 verbose request sending authorization for write operation
28 info attempt registry request try #1 at 12:55:44
29 verbose request using bearer token for auth
30 verbose request id 182bff4146259acb
31 http request PUT https://registry.npmjs.org/generator-base-reactjs
32 http 403 https://registry.npmjs.org/generator-base-reactjs
33 verbose headers { 'content-type': 'application/json',
33 verbose headers   'cache-control': 'max-age=60',
33 verbose headers   'content-length': '95',
33 verbose headers   'accept-ranges': 'bytes',
33 verbose headers   date: 'Mon, 09 Nov 2015 11:55:46 GMT',
33 verbose headers   via: '1.1 varnish',
33 verbose headers   connection: 'keep-alive',
33 verbose headers   'x-served-by': 'cache-lhr6333-LHR',
33 verbose headers   'x-cache': 'MISS',
33 verbose headers   'x-cache-hits': '0',
33 verbose headers   'x-timer': 'S1447070145.137783,VS0,VE1129' }
34 verbose request invalidating /Users/zguillez/.npm/registry.npmjs.org/generator-base-reactjs on PUT
35 error publish Failed PUT 403
36 verbose stack Error: "You cannot publish over the previously published version 1.0.2." : generator-base-reactjs
36 verbose stack     at makeError (/usr/local/lib/node_modules/npm/node_modules/npm-registry-client/lib/request.js:264:12)
36 verbose stack     at CachingRegistryClient.<anonymous> (/usr/local/lib/node_modules/npm/node_modules/npm-registry-client/lib/request.js:252:14)
36 verbose stack     at Request._callback (/usr/local/lib/node_modules/npm/node_modules/npm-registry-client/lib/request.js:172:14)
36 verbose stack     at Request.self.callback (/usr/local/lib/node_modules/npm/node_modules/request/request.js:198:22)
36 verbose stack     at emitTwo (events.js:87:13)
36 verbose stack     at Request.emit (events.js:172:7)
36 verbose stack     at Request.<anonymous> (/usr/local/lib/node_modules/npm/node_modules/request/request.js:1063:14)
36 verbose stack     at emitOne (events.js:82:20)
36 verbose stack     at Request.emit (events.js:169:7)
36 verbose stack     at IncomingMessage.<anonymous> (/usr/local/lib/node_modules/npm/node_modules/request/request.js:1009:12)
37 verbose statusCode 403
38 verbose pkgid generator-base-reactjs
39 verbose cwd /Volumes/Data/Repositorios/yeoman/generator-base-reactjs
40 error Darwin 15.0.0
41 error argv "/usr/local/bin/node" "/usr/local/bin/npm" "publish"
42 error node v4.2.1
43 error npm  v3.3.8
44 error code E403
45 error "You cannot publish over the previously published version 1.0.2." : generator-base-reactjs
46 error If you need help, you may report this error at:
46 error     <https://github.com/npm/npm/issues>
47 verbose exit [ 1, true ]
